<?xml version="1.0" encoding="UTF-8"?>
<!-- Generated by org.testng.reporters.JUnitReportReporter -->
<testsuite hostname="DESKTOP-HTJJPCU" failures="0" tests="6" name="api.tests.TestUser" time="8.353" errors="0" timestamp="2024-10-15T20:08:04 IST" skipped="2">
  <testcase classname="api.tests.TestUser" name="testPostUser" time="3.965"/>
  <testcase classname="api.tests.TestUser" name="testGetUser" time="1.205"/>
  <testcase classname="api.tests.TestUser" name="testUpdateUser" time="1.209"/>
  <testcase classname="api.tests.TestUser" name="testGetUser2" time="1.974"/>
  <testcase classname="api.tests.TestUser" name="testDeleteUser">
    <skipped/>
  </testcase> <!-- testDeleteUser -->
  <testcase classname="api.tests.TestUser" name="testGetUser3">
    <skipped/>
  </testcase> <!-- testGetUser3 -->
</testsuite> <!-- api.tests.TestUser -->
