<?xml version="1.0" encoding="UTF-8"?>
<!-- Generated by org.testng.reporters.JUnitReportReporter -->
<testsuite hostname="DESKTOP-HTJJPCU" failures="0" tests="1" name="api.tests.Test2User" time="0.005" errors="0" timestamp="2024-10-27T13:19:54 IST" skipped="0">
  <testcase classname="api.tests.Test2User" name="m1" time="0.005"/>
</testsuite> <!-- api.tests.Test2User -->
